S|S|A|A|A|A|S|A|A|A|A|S|A|A|A|A|A|S|A|A|W|A|A|S|A|S|A|A|A|A|J|S|A|A|A|A|A|J|A|J|A|S|A|A|A|A|A|S|S|S|
A|J|A|A|A|A|S|A|S|A|A|A|A|A|A|S|A|A|A|W|A|A|S|A|S|S|S|A|A|A|A|A|A|A|S|S|S|A|A|A|A|S|A|A|A|A|S|A|A|A|
S|S|S|A|A|A|A|A|S|S|S|A|A|A|A|A|A|S|A|W|W|S|A|J|A|A|A|S|A|A|A|A|A|A|A|W|S|A|S|A|S|A|A|S|A|A|S|A|A|A|
A|A|A|J|J|J|A|S|S|A|A|A|A|A|J|S|W|A|A|A|S|S|A|S|S|S|A|S|W|A|A|A|A|A|A|S|A|A|A|A|W|A|A|A|A|S|A|A|A|S|
A|S|A|A|S|S|A|A|A|S|A|A|S|A|A|J|A|S|A|A|A|S|W|A|J|W|A|A|A|A|A|A|A|A|S|A|A|J|A|A|A|A|A|W|A|W|A|A|A|A|
A|A|A|A|A|A|A|A|A|A|W|A|A|S|S|A|W|S|A|A|S|S|S|A|J|A|A|A|A|A|S|S|A|S|W|A|A|A|A|A|A|A|A|A|A|A|S|A|S|S|
S|S|S|A|A|A|S|S|A|A|S|S|S|A|S|A|A|S|A|A|W|A|A|W|A|A|A|W|A|A|S|J|W|S|A|A|A|A|J|S|J|A|A|A|A|S|A|A|A|A|
A|S|A|S|A|A|A|A|S|A|S|A|J|A|A|A|J|A|W|S|S|A|A|W|A|S|A|S|A|A|A|A|S|S|S|A|J|A|A|A|A|A|A|A|W|S|A|A|S|A|
A|A|S|A|A|A|A|A|A|A|S|S|A|S|S|A|A|A|S|W|A|W|S|A|S|A|W|J|A|W|A|A|A|A|A|A|A|A|W|A|S|A|A|A|A|A|S|A|A|S|
A|A|A|A|A|A|A|A|A|A|S|W|A|A|J|A|W|A|S|A|A|W|J|S|A|A|W|A|S|W|W|S|S|A|J|A|W|A|J|A|A|A|S|A|S|A|A|A|S|A|
A|A|S|A|S|A|S|A|A|S|A|A|A|A|A|S|A|S|S|A|W|A|S|A|W|S|W|A|W|A|A|A|A|S|S|W|A|S|A|A|W|A|S|S|A|W|A|A|J|A|
A|A|A|S|S|A|W|A|A|A|A|A|A|A|A|S|W|S|A|S|W|W|W|W|A|A|S|A|W|W|W|A|A|A|S|A|A|S|S|W|A|S|A|A|A|A|A|A|A|S|
A|S|A|A|S|S|A|A|A|W|S|S|A|A|A|S|A|A|S|S|A|J|S|S|W|A|A|W|A|A|A|A|A|S|A|W|A|S|A|A|A|A|A|A|W|A|W|S|A|A|
A|A|S|A|S|A|S|A|W|A|A|S|W|W|A|S|S|S|A|W|W|A|W|W|W|S|W|W|A|S|A|W|A|A|A|S|A|A|A|W|A|A|J|A|A|S|S|J|A|A|
S|S|A|A|W|A|A|S|A|A|S|A|W|A|A|S|W|A|W|S|A|W|W|W|A|A|A|A|S|S|A|A|A|A|A|S|A|W|A|A|A|S|A|W|A|A|S|A|A|A|
A|W|A|A|A|A|W|S|S|A|S|S|W|A|W|A|A|A|S|W|W|A|S|A|A|W|A|S|W|S|S|A|W|A|S|A|W|A|A|A|A|A|A|S|J|A|A|A|A|A|
A|S|S|S|S|A|A|A|S|W|A|S|W|W|A|A|W|A|W|A|W|A|S|W|A|A|A|S|W|W|S|S|J|W|A|A|A|A|S|S|A|A|A|W|A|S|A|A|A|A|
W|W|S|A|A|A|S|A|A|A|W|A|W|A|W|A|A|W|S|W|W|W|A|W|W|A|W|S|W|A|W|A|W|W|A|A|A|A|W|A|A|S|S|A|A|A|A|S|A|A|
S|S|A|S|S|A|A|A|A|A|A|A|S|S|A|A|W|S|A|W|A|A|W|S|W|W|W|A|S|S|W|S|W|A|W|S|A|A|A|W|W|S|A|J|S|A|S|A|A|A|
W|S|A|A|W|A|S|W|S|A|A|A|S|S|W|W|W|W|W|S|A|A|A|W|A|W|W|S|W|W|S|A|A|A|S|A|W|W|A|A|W|W|A|A|S|A|A|S|A|A|
S|A|S|S|A|A|A|S|A|A|S|A|A|A|S|S|A|W|A|W|W|A|W|S|W|W|S|S|W|A|W|W|W|W|S|A|A|W|W|S|A|S|S|A|A|A|A|A|A|S|
S|S|S|S|A|A|A|A|A|W|S|S|S|A|W|A|S|W|W|S|W|A|W|W|W|S|S|S|W|A|S|S|A|W|S|A|S|A|W|S|A|A|A|A|A|A|S|A|A|S|
A|S|W|A|A|A|A|A|S|A|W|A|A|A|A|S|W|W|W|W|W|W|W|W|W|W|W|W|W|W|A|A|W|W|A|W|A|A|W|A|A|S|S|W|A|S|W|S|W|A|
A|A|A|A|A|W|A|A|A|S|A|W|W|A|A|A|A|A|W|W|W|W|W|W|W|W|W|W|S|W|A|W|W|W|S|W|W|A|S|A|A|S|A|A|S|A|A|S|S|S|
A|A|A|A|S|A|A|S|A|A|J|W|S|A|W|A|A|W|S|S|A|W|W|W|W|W|W|W|S|S|A|A|A|W|S|A|S|W|W|S|W|A|A|W|S|A|S|S|A|A|
A|A|A|S|A|A|A|S|A|S|A|A|W|A|A|S|A|W|S|W|W|W|W|W|W|W|W|W|W|W|W|A|A|A|A|S|A|A|A|S|A|A|A|S|A|A|W|A|A|S|
A|A|W|A|S|W|A|J|S|S|W|A|W|A|A|A|W|W|W|W|A|W|W|W|W|W|W|S|W|W|W|S|W|A|A|A|A|A|A|A|A|A|A|A|S|W|S|W|A|A|
S|A|J|A|A|A|A|S|A|S|A|A|A|S|A|S|S|W|A|W|A|S|W|W|W|W|W|J|A|A|S|W|W|A|S|A|A|A|A|A|A|A|A|S|A|A|A|A|J|A|
A|S|A|A|W|S|A|A|W|A|A|A|W|S|A|S|S|S|S|W|A|W|W|W|W|W|W|W|S|S|A|W|W|S|W|A|W|W|W|A|A|A|A|A|A|S|A|A|S|W|
S|S|S|A|A|A|A|S|A|A|A|A|W|W|A|W|A|S|A|W|W|W|W|W|A|S|S|W|S|W|A|W|A|S|A|A|A|A|A|A|A|A|S|A|A|A|S|A|W|A|
A|A|W|S|A|A|A|A|A|A|W|W|A|W|A|A|W|W|S|A|W|A|W|W|W|A|S|A|W|S|A|S|W|A|A|S|W|A|A|A|A|A|W|A|S|A|A|S|A|A|
A|W|S|A|A|W|A|A|A|W|A|A|S|A|S|S|A|S|W|S|W|S|W|A|W|W|W|A|A|J|A|S|W|S|J|A|A|A|W|W|A|A|A|S|S|A|S|A|W|S|
A|A|S|S|A|S|A|A|A|A|A|W|A|S|S|A|A|W|S|S|S|A|S|W|S|W|A|W|S|W|A|W|J|W|A|A|A|J|S|S|S|S|A|W|W|J|S|A|W|A|
W|S|J|S|A|A|W|A|A|A|S|A|A|S|W|A|A|S|A|A|S|S|A|J|A|A|S|A|S|A|A|A|A|S|A|A|A|A|A|W|S|A|A|A|A|A|A|S|A|S|
A|A|W|A|A|J|A|A|S|W|A|A|A|S|A|A|S|A|A|A|W|W|A|S|S|S|A|A|S|A|A|A|W|A|A|A|A|A|A|J|S|S|A|A|A|S|A|S|S|S|
S|A|S|S|A|A|A|A|A|S|A|W|S|W|A|W|A|A|W|S|A|A|A|A|A|A|A|J|A|A|S|S|S|W|W|A|A|A|A|A|A|A|W|A|S|A|A|J|A|A|
A|S|A|A|A|S|S|A|A|A|S|A|S|A|A|A|A|A|A|A|W|A|J|S|A|A|A|A|W|A|S|W|A|A|W|A|A|S|W|W|S|A|S|J|A|A|A|W|S|A|
A|S|A|W|A|A|A|A|A|S|S|A|A|W|J|A|A|A|S|W|A|W|S|S|J|J|A|W|A|S|A|W|S|W|A|J|A|A|S|W|S|W|W|S|A|A|A|A|A|S|
S|A|A|A|A|S|A|S|A|A|A|W|A|W|A|J|A|A|S|A|S|A|W|A|A|A|A|A|S|W|S|S|W|A|W|S|S|S|S|A|S|A|W|A|A|A|S|S|S|A|
S|S|A|A|A|A|A|A|S|A|A|A|A|A|S|S|A|A|A|A|A|W|A|W|A|S|S|W|A|W|A|S|A|J|W|A|S|A|A|J|S|J|A|A|A|A|S|A|S|A|
S|A|A|A|A|A|S|A|A|A|W|W|A|A|S|S|A|J|S|W|S|W|W|A|A|S|A|A|A|A|A|S|A|A|S|A|S|W|A|W|A|A|A|A|A|A|A|A|A|A|
A|A|A|A|S|A|S|A|A|A|S|S|S|A|A|A|A|A|A|A|A|S|A|A|A|S|W|W|S|S|S|W|S|A|S|A|A|A|A|A|A|A|A|S|A|S|S|A|W|A|
A|A|A|A|A|A|S|A|A|S|A|A|A|A|W|W|W|S|S|A|A|A|J|S|W|S|W|S|A|S|A|A|A|A|A|A|S|W|A|A|A|A|A|A|A|A|A|A|A|A|
A|A|A|A|A|A|A|S|W|A|A|S|S|S|A|W|A|A|A|A|S|W|A|A|A|S|S|A|W|S|S|A|A|A|A|S|W|A|A|A|A|A|A|S|A|A|A|A|A|A|
S|A|A|A|S|S|A|A|A|W|S|A|A|A|A|S|A|A|A|W|A|A|A|A|A|S|A|A|A|A|A|A|S|A|A|A|S|J|S|S|A|A|A|A|A|A|A|A|A|A|
A|S|A|A|A|A|A|A|J|A|A|A|A|A|A|A|A|A|A|A|A|S|A|A|S|A|W|A|A|S|A|A|A|A|J|A|A|A|A|A|A|J|J|A|A|A|J|A|S|J|
A|S|A|A|S|A|A|S|W|S|A|S|S|A|A|A|A|W|A|A|A|A|A|A|A|A|W|S|A|A|A|A|A|S|A|A|A|W|S|S|S|S|A|A|A|A|S|A|A|A|
A|S|S|A|A|A|A|A|S|S|W|A|A|A|A|S|S|A|A|W|S|S|A|A|S|S|S|S|A|A|S|S|S|S|S|A|A|A|A|S|A|S|S|A|A|S|A|S|A|S|
A|A|A|A|A|A|A|A|S|S|A|A|S|S|S|A|A|A|A|A|A|A|S|W|A|A|A|A|A|A|A|A|A|A|A|A|S|A|A|S|A|A|S|A|S|S|A|A|A|A|
A|A|A|A|A|A|S|A|S|A|A|A|A|S|A|S|A|A|A|S|A|A|A|A|A|S|S|A|A|W|A|A|S|A|W|A|A|S|A|A|A|S|A|A|A|A|A|A|A|S|
